<?xml version="1.0" encoding="UTF-8" ?>
<testsuite failures="0" time="0.007" errors="0" skipped="0" tests="12" name="com.aman.libraryspring.domain.StudentTest">
  <properties>
[...]
</properties>
  <testcase time="0" classname="com.aman.libraryspring.domain.StudentTest" name="testGetStudentId"/>
  <testcase time="0" classname="com.aman.libraryspring.domain.StudentTest" name="testSetStudentId"/>
  <testcase time="0" classname="com.aman.libraryspring.domain.StudentTest" name="testGetFirstName"/>
  <testcase time="0" classname="com.aman.libraryspring.domain.StudentTest" name="testSetFirstName"/>
  <testcase time="0" classname="com.aman.libraryspring.domain.StudentTest" name="testGetLastName"/>
  <testcase time="0" classname="com.aman.libraryspring.domain.StudentTest" name="testSetLastName"/>
  <testcase time="0" classname="com.aman.libraryspring.domain.StudentTest" name="testGetEmailId"/>
  <testcase time="0" classname="com.aman.libraryspring.domain.StudentTest" name="testSetEmailId"/>
  <testcase time="0" classname="com.aman.libraryspring.domain.StudentTest" name="testGetAddress"/>
  <testcase time="0" classname="com.aman.libraryspring.domain.StudentTest" name="testSetAddress"/>
  <testcase time="0" classname="com.aman.libraryspring.domain.StudentTest" name="testGetPhoneNumber"/>
  <testcase time="0" classname="com.aman.libraryspring.domain.StudentTest" name="testSetPhoneNumber"/>
</testsuite>